<?xml version="1.0" encoding="UTF-8" ?>
<testsuite failures="0" time="2.508" errors="1" skipped="0" tests="1" name="de.tum.ibis.customerdb.TestCustomerDb">
  <properties>
    <property name="java.runtime.name" value="Java(TM) SE Runtime Environment"/>
    <property name="sun.boot.library.path" value="C:\Program Files\Java\jdk1.6.0_22\jre\bin"/>
    <property name="java.vm.version" value="17.1-b03"/>
    <property name="java.vm.vendor" value="Sun Microsystems Inc."/>
    <property name="java.vendor.url" value="http://java.sun.com/"/>
    <property name="path.separator" value=";"/>
    <property name="java.vm.name" value="Java HotSpot(TM) 64-Bit Server VM"/>
    <property name="file.encoding.pkg" value="sun.io"/>
    <property name="user.country" value="DE"/>
    <property name="sun.java.launcher" value="SUN_STANDARD"/>
    <property name="sun.os.patch.level" value="Service Pack 1"/>
    <property name="java.vm.specification.name" value="Java Virtual Machine Specification"/>
    <property name="user.dir" value="C:\Users\Deniz\workspace\wsc"/>
    <property name="java.runtime.version" value="1.6.0_22-b04"/>
    <property name="java.awt.graphicsenv" value="sun.awt.Win32GraphicsEnvironment"/>
    <property name="basedir" value="C:\Users\Deniz\workspace\wsc"/>
    <property name="java.endorsed.dirs" value="C:\Program Files\Java\jdk1.6.0_22\jre\lib\endorsed"/>
    <property name="os.arch" value="amd64"/>
    <property name="surefire.real.class.path" value="C:\Users\Deniz\workspace\wsc\target\surefire\surefirebooter557865550296950040.jar"/>
    <property name="java.io.tmpdir" value="C:\Users\Deniz\AppData\Local\Temp\"/>
    <property name="line.separator" value="
"/>
    <property name="java.vm.specification.vendor" value="Sun Microsystems Inc."/>
    <property name="user.variant" value=""/>
    <property name="os.name" value="Windows 7"/>
    <property name="sun.jnu.encoding" value="Cp1252"/>
    <property name="java.library.path" value="C:\Program Files\Java\jdk1.6.0_22\jre\bin;.;C:\Windows\Sun\Java\bin;C:\Windows\system32;C:\Windows;C:\Program Files\Common Files\Microsoft Shared\Windows Live;C:\Program Files (x86)\Common Files\Microsoft Shared\Windows Live;C:\Program Files (x86)\AMD APP\bin\x86_64;C:\Program Files (x86)\AMD APP\bin\x86;F:\ImageMagick-6.6.7-Q16;C:\Program Files (x86)\NVIDIA Corporation\PhysX\Common;C:\Windows\system32;C:\Windows;C:\Windows\System32\Wbem;C:\Windows\System32\WindowsPowerShell\v1.0\;C:\Program Files (x86)\ATI Technologies\ATI.ACE\Core-Static;F:\eclipse\javacc-5.0\bin;F:\Java\jre6\bin;C:\Program Files\Java\jdk1.6.0_22\bin;F:\QuickTime Alternative\QTSystem;F:\TortoiseSVN\bin;F:\texlive\2010\bin\win32;C:\Program Files (x86)\Microsoft SQL Server\100\Tools\Binn\;C:\Program Files\Microsoft SQL Server\100\Tools\Binn\;C:\Program Files\Microsoft SQL Server\100\DTS\Binn\;C:\Program Files (x86)\Common Files\Autodesk Shared\;C:\Program Files\Common Files\Autodesk Shared\;C:\Program Files (x86)\Autodesk\Backburner\;C:\Program Files (x86)\Windows Live\Shared;H:\dev\apache-maven-2.2.1\bin;%JAVA_HOME%\bin;F:\SAS\Shared\Formats;F:\OpenVPN\bin"/>
    <property name="surefire.test.class.path" value="C:\Users\Deniz\workspace\wsc\target\test-classes;C:\Users\Deniz\workspace\wsc\target\classes;C:\Users\Deniz\.m2\repository\junit\junit\4.4\junit-4.4.jar;C:\Users\Deniz\.m2\repository\javax\servlet\servlet-api\2.5\servlet-api-2.5.jar;C:\Users\Deniz\.m2\repository\javax\servlet\jstl\1.1.2\jstl-1.1.2.jar;C:\Users\Deniz\.m2\repository\taglibs\standard\1.1.2\standard-1.1.2.jar;C:\Users\Deniz\.m2\repository\mysql\mysql-connector-java\5.0.5\mysql-connector-java-5.0.5.jar;C:\Users\Deniz\.m2\repository\org\springframework\spring\2.5.6\spring-2.5.6.jar;C:\Users\Deniz\.m2\repository\commons-logging\commons-logging\1.1.1\commons-logging-1.1.1.jar;C:\Users\Deniz\.m2\repository\org\springframework\spring-web\2.5.6\spring-web-2.5.6.jar;C:\Users\Deniz\.m2\repository\org\springframework\spring-beans\2.5.6\spring-beans-2.5.6.jar;C:\Users\Deniz\.m2\repository\org\springframework\spring-context\2.5.6\spring-context-2.5.6.jar;C:\Users\Deniz\.m2\repository\org\springframework\spring-core\2.5.6\spring-core-2.5.6.jar;C:\Users\Deniz\.m2\repository\org\springframework\spring-webmvc\2.5.6\spring-webmvc-2.5.6.jar;C:\Users\Deniz\.m2\repository\org\springframework\spring-context-support\2.5.6\spring-context-support-2.5.6.jar;C:\Users\Deniz\.m2\repository\org\apache\cxf\cxf-bundle-jaxrs\2.2.3\cxf-bundle-jaxrs-2.2.3.jar;C:\Users\Deniz\.m2\repository\aopalliance\aopalliance\1.0\aopalliance-1.0.jar;C:\Users\Deniz\.m2\repository\org\apache\geronimo\specs\geronimo-annotation_1.0_spec\1.1.1\geronimo-annotation_1.0_spec-1.1.1.jar;C:\Users\Deniz\.m2\repository\javax\xml\bind\jaxb-api\2.1\jaxb-api-2.1.jar;C:\Users\Deniz\.m2\repository\org\apache\geronimo\specs\geronimo-stax-api_1.0_spec\1.0.1\geronimo-stax-api_1.0_spec-1.0.1.jar;C:\Users\Deniz\.m2\repository\wsdl4j\wsdl4j\1.6.2\wsdl4j-1.6.2.jar;C:\Users\Deniz\.m2\repository\org\apache\ws\commons\schema\XmlSchema\1.4.5\XmlSchema-1.4.5.jar;C:\Users\Deniz\.m2\repository\commons-lang\commons-lang\2.4\commons-lang-2.4.jar;C:\Users\Deniz\.m2\repository\org\apache\geronimo\specs\geronimo-activation_1.1_spec\1.0.2\geronimo-activation_1.1_spec-1.0.2.jar;C:\Users\Deniz\.m2\repository\org\codehaus\woodstox\wstx-asl\3.2.8\wstx-asl-3.2.8.jar;C:\Users\Deniz\.m2\repository\org\apache\neethi\neethi\2.0.4\neethi-2.0.4.jar;C:\Users\Deniz\.m2\repository\com\sun\xml\bind\jaxb-impl\2.1.12\jaxb-impl-2.1.12.jar;C:\Users\Deniz\.m2\repository\org\apache\geronimo\specs\geronimo-javamail_1.4_spec\1.6\geronimo-javamail_1.4_spec-1.6.jar;C:\Users\Deniz\.m2\repository\com\sun\xml\fastinfoset\FastInfoset\1.2.7\FastInfoset-1.2.7.jar;C:\Users\Deniz\.m2\repository\org\mortbay\jetty\jetty\6.1.19\jetty-6.1.19.jar;C:\Users\Deniz\.m2\repository\org\mortbay\jetty\jetty-util\6.1.19\jetty-util-6.1.19.jar;C:\Users\Deniz\.m2\repository\org\slf4j\slf4j-jdk14\1.5.8\slf4j-jdk14-1.5.8.jar;C:\Users\Deniz\.m2\repository\org\slf4j\slf4j-api\1.5.8\slf4j-api-1.5.8.jar;C:\Users\Deniz\.m2\repository\org\apache\geronimo\specs\geronimo-servlet_2.5_spec\1.2\geronimo-servlet_2.5_spec-1.2.jar;C:\Users\Deniz\.m2\repository\javax\ws\rs\jsr311-api\1.0\jsr311-api-1.0.jar;C:\Users\Deniz\.m2\repository\org\apache\abdera\abdera-core\0.4.0-incubating\abdera-core-0.4.0-incubating.jar;C:\Users\Deniz\.m2\repository\org\apache\abdera\abdera-i18n\0.4.0-incubating\abdera-i18n-0.4.0-incubating.jar;C:\Users\Deniz\.m2\repository\commons-codec\commons-codec\1.3\commons-codec-1.3.jar;C:\Users\Deniz\.m2\repository\org\apache\abdera\abdera-parser\0.4.0-incubating\abdera-parser-0.4.0-incubating.jar;C:\Users\Deniz\.m2\repository\org\apache\ws\commons\axiom\axiom-impl\1.2.7\axiom-impl-1.2.7.jar;C:\Users\Deniz\.m2\repository\org\apache\ws\commons\axiom\axiom-api\1.2.7\axiom-api-1.2.7.jar;C:\Users\Deniz\.m2\repository\jaxen\jaxen\1.1\jaxen-1.1.jar;C:\Users\Deniz\.m2\repository\dom4j\dom4j\1.6.1\dom4j-1.6.1.jar;C:\Users\Deniz\.m2\repository\xom\xom\1.0\xom-1.0.jar;C:\Users\Deniz\.m2\repository\xerces\xmlParserAPIs\2.6.2\xmlParserAPIs-2.6.2.jar;C:\Users\Deniz\.m2\repository\xalan\xalan\2.6.0\xalan-2.6.0.jar;C:\Users\Deniz\.m2\repository\com\ibm\icu\icu4j\2.6.1\icu4j-2.6.1.jar;C:\Users\Deniz\.m2\repository\org\apache\abdera\abdera-extensions-json\0.4.0-incubating\abdera-extensions-json-0.4.0-incubating.jar;C:\Users\Deniz\.m2\repository\org\apache\abdera\abdera-extensions-main\0.4.0-incubating\abdera-extensions-main-0.4.0-incubating.jar;C:\Users\Deniz\.m2\repository\org\codehaus\jettison\jettison\1.1\jettison-1.1.jar;C:\Users\Deniz\.m2\repository\org\apache\xmlbeans\xmlbeans\2.4.0\xmlbeans-2.4.0.jar;C:\Users\Deniz\.m2\repository\org\apache\cxf\cxf-rt-core\2.2.3\cxf-rt-core-2.2.3.jar;C:\Users\Deniz\.m2\repository\org\apache\cxf\cxf-api\2.2.3\cxf-api-2.2.3.jar;C:\Users\Deniz\.m2\repository\org\apache\cxf\cxf-common-utilities\2.2.3\cxf-common-utilities-2.2.3.jar;C:\Users\Deniz\.m2\repository\org\apache\cxf\cxf-common-schemas\2.2.3\cxf-common-schemas-2.2.3.jar;C:\Users\Deniz\.m2\repository\org\apache\cxf\cxf-rt-frontend-jaxws\2.2.3\cxf-rt-frontend-jaxws-2.2.3.jar;C:\Users\Deniz\.m2\repository\xml-resolver\xml-resolver\1.2\xml-resolver-1.2.jar;C:\Users\Deniz\.m2\repository\org\apache\geronimo\specs\geronimo-jaxws_2.1_spec\1.0\geronimo-jaxws_2.1_spec-1.0.jar;C:\Users\Deniz\.m2\repository\org\apache\geronimo\specs\geronimo-ws-metadata_2.0_spec\1.1.2\geronimo-ws-metadata_2.0_spec-1.1.2.jar;C:\Users\Deniz\.m2\repository\asm\asm\2.2.3\asm-2.2.3.jar;C:\Users\Deniz\.m2\repository\org\apache\cxf\cxf-rt-bindings-soap\2.2.3\cxf-rt-bindings-soap-2.2.3.jar;C:\Users\Deniz\.m2\repository\org\apache\cxf\cxf-tools-common\2.2.3\cxf-tools-common-2.2.3.jar;C:\Users\Deniz\.m2\repository\org\apache\cxf\cxf-rt-databinding-jaxb\2.2.3\cxf-rt-databinding-jaxb-2.2.3.jar;C:\Users\Deniz\.m2\repository\org\apache\cxf\cxf-rt-bindings-xml\2.2.3\cxf-rt-bindings-xml-2.2.3.jar;C:\Users\Deniz\.m2\repository\org\apache\cxf\cxf-rt-frontend-simple\2.2.3\cxf-rt-frontend-simple-2.2.3.jar;C:\Users\Deniz\.m2\repository\org\apache\cxf\cxf-rt-ws-addr\2.2.3\cxf-rt-ws-addr-2.2.3.jar;C:\Users\Deniz\.m2\repository\javax\xml\soap\saaj-api\1.3\saaj-api-1.3.jar;C:\Users\Deniz\.m2\repository\com\sun\xml\messaging\saaj\saaj-impl\1.3.2\saaj-impl-1.3.2.jar;C:\Users\Deniz\.m2\repository\org\apache\cxf\cxf-rt-transports-http\2.2.3\cxf-rt-transports-http-2.2.3.jar;C:\Users\Deniz\.m2\repository\xerces\xercesImpl\2.9.1\xercesImpl-2.9.1.jar;C:\Users\Deniz\.m2\repository\xml-apis\xml-apis\1.3.04\xml-apis-1.3.04.jar;C:\Users\Deniz\.m2\repository\org\springframework\spring-test\2.5\spring-test-2.5.jar;"/>
    <property name="java.specification.name" value="Java Platform API Specification"/>
    <property name="java.class.version" value="50.0"/>
    <property name="sun.management.compiler" value="HotSpot 64-Bit Server Compiler"/>
    <property name="os.version" value="6.1"/>
    <property name="user.home" value="C:\Users\Deniz"/>
    <property name="user.timezone" value="Europe/Berlin"/>
    <property name="java.awt.printerjob" value="sun.awt.windows.WPrinterJob"/>
    <property name="java.specification.version" value="1.6"/>
    <property name="file.encoding" value="Cp1252"/>
    <property name="user.name" value="Deniz"/>
    <property name="java.class.path" value="C:\Users\Deniz\workspace\wsc\target\test-classes;C:\Users\Deniz\workspace\wsc\target\classes;C:\Users\Deniz\.m2\repository\junit\junit\4.4\junit-4.4.jar;C:\Users\Deniz\.m2\repository\javax\servlet\servlet-api\2.5\servlet-api-2.5.jar;C:\Users\Deniz\.m2\repository\javax\servlet\jstl\1.1.2\jstl-1.1.2.jar;C:\Users\Deniz\.m2\repository\taglibs\standard\1.1.2\standard-1.1.2.jar;C:\Users\Deniz\.m2\repository\mysql\mysql-connector-java\5.0.5\mysql-connector-java-5.0.5.jar;C:\Users\Deniz\.m2\repository\org\springframework\spring\2.5.6\spring-2.5.6.jar;C:\Users\Deniz\.m2\repository\commons-logging\commons-logging\1.1.1\commons-logging-1.1.1.jar;C:\Users\Deniz\.m2\repository\org\springframework\spring-web\2.5.6\spring-web-2.5.6.jar;C:\Users\Deniz\.m2\repository\org\springframework\spring-beans\2.5.6\spring-beans-2.5.6.jar;C:\Users\Deniz\.m2\repository\org\springframework\spring-context\2.5.6\spring-context-2.5.6.jar;C:\Users\Deniz\.m2\repository\org\springframework\spring-core\2.5.6\spring-core-2.5.6.jar;C:\Users\Deniz\.m2\repository\org\springframework\spring-webmvc\2.5.6\spring-webmvc-2.5.6.jar;C:\Users\Deniz\.m2\repository\org\springframework\spring-context-support\2.5.6\spring-context-support-2.5.6.jar;C:\Users\Deniz\.m2\repository\org\apache\cxf\cxf-bundle-jaxrs\2.2.3\cxf-bundle-jaxrs-2.2.3.jar;C:\Users\Deniz\.m2\repository\aopalliance\aopalliance\1.0\aopalliance-1.0.jar;C:\Users\Deniz\.m2\repository\org\apache\geronimo\specs\geronimo-annotation_1.0_spec\1.1.1\geronimo-annotation_1.0_spec-1.1.1.jar;C:\Users\Deniz\.m2\repository\javax\xml\bind\jaxb-api\2.1\jaxb-api-2.1.jar;C:\Users\Deniz\.m2\repository\org\apache\geronimo\specs\geronimo-stax-api_1.0_spec\1.0.1\geronimo-stax-api_1.0_spec-1.0.1.jar;C:\Users\Deniz\.m2\repository\wsdl4j\wsdl4j\1.6.2\wsdl4j-1.6.2.jar;C:\Users\Deniz\.m2\repository\org\apache\ws\commons\schema\XmlSchema\1.4.5\XmlSchema-1.4.5.jar;C:\Users\Deniz\.m2\repository\commons-lang\commons-lang\2.4\commons-lang-2.4.jar;C:\Users\Deniz\.m2\repository\org\apache\geronimo\specs\geronimo-activation_1.1_spec\1.0.2\geronimo-activation_1.1_spec-1.0.2.jar;C:\Users\Deniz\.m2\repository\org\codehaus\woodstox\wstx-asl\3.2.8\wstx-asl-3.2.8.jar;C:\Users\Deniz\.m2\repository\org\apache\neethi\neethi\2.0.4\neethi-2.0.4.jar;C:\Users\Deniz\.m2\repository\com\sun\xml\bind\jaxb-impl\2.1.12\jaxb-impl-2.1.12.jar;C:\Users\Deniz\.m2\repository\org\apache\geronimo\specs\geronimo-javamail_1.4_spec\1.6\geronimo-javamail_1.4_spec-1.6.jar;C:\Users\Deniz\.m2\repository\com\sun\xml\fastinfoset\FastInfoset\1.2.7\FastInfoset-1.2.7.jar;C:\Users\Deniz\.m2\repository\org\mortbay\jetty\jetty\6.1.19\jetty-6.1.19.jar;C:\Users\Deniz\.m2\repository\org\mortbay\jetty\jetty-util\6.1.19\jetty-util-6.1.19.jar;C:\Users\Deniz\.m2\repository\org\slf4j\slf4j-jdk14\1.5.8\slf4j-jdk14-1.5.8.jar;C:\Users\Deniz\.m2\repository\org\slf4j\slf4j-api\1.5.8\slf4j-api-1.5.8.jar;C:\Users\Deniz\.m2\repository\org\apache\geronimo\specs\geronimo-servlet_2.5_spec\1.2\geronimo-servlet_2.5_spec-1.2.jar;C:\Users\Deniz\.m2\repository\javax\ws\rs\jsr311-api\1.0\jsr311-api-1.0.jar;C:\Users\Deniz\.m2\repository\org\apache\abdera\abdera-core\0.4.0-incubating\abdera-core-0.4.0-incubating.jar;C:\Users\Deniz\.m2\repository\org\apache\abdera\abdera-i18n\0.4.0-incubating\abdera-i18n-0.4.0-incubating.jar;C:\Users\Deniz\.m2\repository\commons-codec\commons-codec\1.3\commons-codec-1.3.jar;C:\Users\Deniz\.m2\repository\org\apache\abdera\abdera-parser\0.4.0-incubating\abdera-parser-0.4.0-incubating.jar;C:\Users\Deniz\.m2\repository\org\apache\ws\commons\axiom\axiom-impl\1.2.7\axiom-impl-1.2.7.jar;C:\Users\Deniz\.m2\repository\org\apache\ws\commons\axiom\axiom-api\1.2.7\axiom-api-1.2.7.jar;C:\Users\Deniz\.m2\repository\jaxen\jaxen\1.1\jaxen-1.1.jar;C:\Users\Deniz\.m2\repository\dom4j\dom4j\1.6.1\dom4j-1.6.1.jar;C:\Users\Deniz\.m2\repository\xom\xom\1.0\xom-1.0.jar;C:\Users\Deniz\.m2\repository\xerces\xmlParserAPIs\2.6.2\xmlParserAPIs-2.6.2.jar;C:\Users\Deniz\.m2\repository\xalan\xalan\2.6.0\xalan-2.6.0.jar;C:\Users\Deniz\.m2\repository\com\ibm\icu\icu4j\2.6.1\icu4j-2.6.1.jar;C:\Users\Deniz\.m2\repository\org\apache\abdera\abdera-extensions-json\0.4.0-incubating\abdera-extensions-json-0.4.0-incubating.jar;C:\Users\Deniz\.m2\repository\org\apache\abdera\abdera-extensions-main\0.4.0-incubating\abdera-extensions-main-0.4.0-incubating.jar;C:\Users\Deniz\.m2\repository\org\codehaus\jettison\jettison\1.1\jettison-1.1.jar;C:\Users\Deniz\.m2\repository\org\apache\xmlbeans\xmlbeans\2.4.0\xmlbeans-2.4.0.jar;C:\Users\Deniz\.m2\repository\org\apache\cxf\cxf-rt-core\2.2.3\cxf-rt-core-2.2.3.jar;C:\Users\Deniz\.m2\repository\org\apache\cxf\cxf-api\2.2.3\cxf-api-2.2.3.jar;C:\Users\Deniz\.m2\repository\org\apache\cxf\cxf-common-utilities\2.2.3\cxf-common-utilities-2.2.3.jar;C:\Users\Deniz\.m2\repository\org\apache\cxf\cxf-common-schemas\2.2.3\cxf-common-schemas-2.2.3.jar;C:\Users\Deniz\.m2\repository\org\apache\cxf\cxf-rt-frontend-jaxws\2.2.3\cxf-rt-frontend-jaxws-2.2.3.jar;C:\Users\Deniz\.m2\repository\xml-resolver\xml-resolver\1.2\xml-resolver-1.2.jar;C:\Users\Deniz\.m2\repository\org\apache\geronimo\specs\geronimo-jaxws_2.1_spec\1.0\geronimo-jaxws_2.1_spec-1.0.jar;C:\Users\Deniz\.m2\repository\org\apache\geronimo\specs\geronimo-ws-metadata_2.0_spec\1.1.2\geronimo-ws-metadata_2.0_spec-1.1.2.jar;C:\Users\Deniz\.m2\repository\asm\asm\2.2.3\asm-2.2.3.jar;C:\Users\Deniz\.m2\repository\org\apache\cxf\cxf-rt-bindings-soap\2.2.3\cxf-rt-bindings-soap-2.2.3.jar;C:\Users\Deniz\.m2\repository\org\apache\cxf\cxf-tools-common\2.2.3\cxf-tools-common-2.2.3.jar;C:\Users\Deniz\.m2\repository\org\apache\cxf\cxf-rt-databinding-jaxb\2.2.3\cxf-rt-databinding-jaxb-2.2.3.jar;C:\Users\Deniz\.m2\repository\org\apache\cxf\cxf-rt-bindings-xml\2.2.3\cxf-rt-bindings-xml-2.2.3.jar;C:\Users\Deniz\.m2\repository\org\apache\cxf\cxf-rt-frontend-simple\2.2.3\cxf-rt-frontend-simple-2.2.3.jar;C:\Users\Deniz\.m2\repository\org\apache\cxf\cxf-rt-ws-addr\2.2.3\cxf-rt-ws-addr-2.2.3.jar;C:\Users\Deniz\.m2\repository\javax\xml\soap\saaj-api\1.3\saaj-api-1.3.jar;C:\Users\Deniz\.m2\repository\com\sun\xml\messaging\saaj\saaj-impl\1.3.2\saaj-impl-1.3.2.jar;C:\Users\Deniz\.m2\repository\org\apache\cxf\cxf-rt-transports-http\2.2.3\cxf-rt-transports-http-2.2.3.jar;C:\Users\Deniz\.m2\repository\xerces\xercesImpl\2.9.1\xercesImpl-2.9.1.jar;C:\Users\Deniz\.m2\repository\xml-apis\xml-apis\1.3.04\xml-apis-1.3.04.jar;C:\Users\Deniz\.m2\repository\org\springframework\spring-test\2.5\spring-test-2.5.jar;"/>
    <property name="java.vm.specification.version" value="1.0"/>
    <property name="sun.arch.data.model" value="64"/>
    <property name="java.home" value="C:\Program Files\Java\jdk1.6.0_22\jre"/>
    <property name="java.specification.vendor" value="Sun Microsystems Inc."/>
    <property name="user.language" value="de"/>
    <property name="awt.toolkit" value="sun.awt.windows.WToolkit"/>
    <property name="java.vm.info" value="mixed mode"/>
    <property name="java.version" value="1.6.0_22"/>
    <property name="java.ext.dirs" value="C:\Program Files\Java\jdk1.6.0_22\jre\lib\ext;C:\Windows\Sun\Java\lib\ext"/>
    <property name="sun.boot.class.path" value="C:\Program Files\Java\jdk1.6.0_22\jre\lib\resources.jar;C:\Program Files\Java\jdk1.6.0_22\jre\lib\rt.jar;C:\Program Files\Java\jdk1.6.0_22\jre\lib\sunrsasign.jar;C:\Program Files\Java\jdk1.6.0_22\jre\lib\jsse.jar;C:\Program Files\Java\jdk1.6.0_22\jre\lib\jce.jar;C:\Program Files\Java\jdk1.6.0_22\jre\lib\charsets.jar;C:\Program Files\Java\jdk1.6.0_22\jre\classes"/>
    <property name="java.vendor" value="Sun Microsystems Inc."/>
    <property name="localRepository" value="C:\Users\Deniz\.m2\repository"/>
    <property name="file.separator" value="\"/>
    <property name="java.vendor.url.bug" value="http://java.sun.com/cgi-bin/bugreport.cgi"/>
    <property name="sun.cpu.endian" value="little"/>
    <property name="sun.io.unicode.encoding" value="UnicodeLittle"/>
    <property name="sun.desktop" value="windows"/>
    <property name="sun.cpu.isalist" value="amd64"/>
  </properties>
  <testcase time="2.483" classname="de.tum.ibis.customerdb.TestCustomerDb" name="classWideSetup">
    <error message="Could not send Message." type="javax.xml.ws.soap.SOAPFaultException">javax.xml.ws.soap.SOAPFaultException: Could not send Message.
	at org.apache.cxf.jaxws.JaxWsClientProxy.invoke(JaxWsClientProxy.java:143)
	at $Proxy39.getCustomers(Unknown Source)
	at de.tum.ibis.customerdb.TestCustomerDb.classWideSetup(TestCustomerDb.java:31)
	at sun.reflect.NativeMethodAccessorImpl.invoke0(Native Method)
	at sun.reflect.NativeMethodAccessorImpl.invoke(NativeMethodAccessorImpl.java:39)
	at sun.reflect.DelegatingMethodAccessorImpl.invoke(DelegatingMethodAccessorImpl.java:25)
	at java.lang.reflect.Method.invoke(Method.java:597)
	at org.junit.internal.runners.TestMethod.invoke(TestMethod.java:59)
	at org.junit.internal.runners.MethodRoadie.runTestMethod(MethodRoadie.java:98)
	at org.junit.internal.runners.MethodRoadie$2.run(MethodRoadie.java:79)
	at org.junit.internal.runners.MethodRoadie.runBeforesThenTestThenAfters(MethodRoadie.java:87)
	at org.junit.internal.runners.MethodRoadie.runTest(MethodRoadie.java:77)
	at org.junit.internal.runners.MethodRoadie.run(MethodRoadie.java:42)
	at org.junit.internal.runners.JUnit4ClassRunner.invokeTestMethod(JUnit4ClassRunner.java:88)
	at org.junit.internal.runners.JUnit4ClassRunner.runMethods(JUnit4ClassRunner.java:51)
	at org.junit.internal.runners.JUnit4ClassRunner$1.run(JUnit4ClassRunner.java:44)
	at org.junit.internal.runners.ClassRoadie.runUnprotected(ClassRoadie.java:27)
	at org.junit.internal.runners.ClassRoadie.runProtected(ClassRoadie.java:37)
	at org.junit.internal.runners.JUnit4ClassRunner.run(JUnit4ClassRunner.java:42)
	at org.apache.maven.surefire.junit4.JUnit4TestSet.execute(JUnit4TestSet.java:35)
	at org.apache.maven.surefire.junit4.JUnit4Provider.executeTestSet(JUnit4Provider.java:146)
	at org.apache.maven.surefire.junit4.JUnit4Provider.invoke(JUnit4Provider.java:97)
	at sun.reflect.NativeMethodAccessorImpl.invoke0(Native Method)
	at sun.reflect.NativeMethodAccessorImpl.invoke(NativeMethodAccessorImpl.java:39)
	at sun.reflect.DelegatingMethodAccessorImpl.invoke(DelegatingMethodAccessorImpl.java:25)
	at java.lang.reflect.Method.invoke(Method.java:597)
	at org.apache.maven.surefire.booter.ProviderFactory$ClassLoaderProxy.invoke(ProviderFactory.java:103)
	at $Proxy0.invoke(Unknown Source)
	at org.apache.maven.surefire.booter.SurefireStarter.invokeProvider(SurefireStarter.java:145)
	at org.apache.maven.surefire.booter.SurefireStarter.runSuitesInProcess(SurefireStarter.java:87)
	at org.apache.maven.surefire.booter.ForkedBooter.main(ForkedBooter.java:69)
Caused by: java.net.ConnectException: Connection refused: connect
	at java.net.PlainSocketImpl.socketConnect(Native Method)
	at java.net.PlainSocketImpl.doConnect(PlainSocketImpl.java:333)
	at java.net.PlainSocketImpl.connectToAddress(PlainSocketImpl.java:195)
	at java.net.PlainSocketImpl.connect(PlainSocketImpl.java:182)
	at java.net.SocksSocketImpl.connect(SocksSocketImpl.java:366)
	at java.net.Socket.connect(Socket.java:529)
	at sun.net.NetworkClient.doConnect(NetworkClient.java:158)
	at sun.net.www.http.HttpClient.openServer(HttpClient.java:394)
	at sun.net.www.http.HttpClient.openServer(HttpClient.java:529)
	at sun.net.www.http.HttpClient.&lt;init&gt;(HttpClient.java:233)
	at sun.net.www.http.HttpClient.New(HttpClient.java:306)
	at sun.net.www.http.HttpClient.New(HttpClient.java:323)
	at sun.net.www.protocol.http.HttpURLConnection.getNewHttpClient(HttpURLConnection.java:975)
	at sun.net.www.protocol.http.HttpURLConnection.plainConnect(HttpURLConnection.java:916)
	at sun.net.www.protocol.http.HttpURLConnection.connect(HttpURLConnection.java:841)
	at sun.net.www.protocol.http.HttpURLConnection.getOutputStream(HttpURLConnection.java:1019)
	at org.apache.cxf.transport.http.HTTPConduit$WrappedOutputStream.handleHeadersTrustCaching(HTTPConduit.java:1916)
	at org.apache.cxf.transport.http.HTTPConduit$WrappedOutputStream.onFirstWrite(HTTPConduit.java:1871)
	at org.apache.cxf.io.AbstractWrappedOutputStream.write(AbstractWrappedOutputStream.java:42)
	at org.apache.cxf.io.AbstractThresholdOutputStream.write(AbstractThresholdOutputStream.java:69)
	at org.apache.cxf.transport.http.HTTPConduit$WrappedOutputStream.close(HTTPConduit.java:1934)
	at org.apache.cxf.transport.AbstractConduit.close(AbstractConduit.java:66)
	at org.apache.cxf.transport.http.HTTPConduit.close(HTTPConduit.java:632)
	at org.apache.cxf.interceptor.MessageSenderInterceptor$MessageSenderEndingInterceptor.handleMessage(MessageSenderInterceptor.java:62)
	at org.apache.cxf.phase.PhaseInterceptorChain.doIntercept(PhaseInterceptorChain.java:236)
	at org.apache.cxf.endpoint.ClientImpl.invoke(ClientImpl.java:472)
	at org.apache.cxf.endpoint.ClientImpl.invoke(ClientImpl.java:302)
	at org.apache.cxf.endpoint.ClientImpl.invoke(ClientImpl.java:254)
	at org.apache.cxf.frontend.ClientProxy.invokeSync(ClientProxy.java:73)
	at org.apache.cxf.jaxws.JaxWsClientProxy.invoke(JaxWsClientProxy.java:123)
	... 30 more
</error>
    <system-out>@HL
@HL-------------------------------------------------------
@HL T E S T S
@HL-------------------------------------------------------
@SLRunning de.tum.ibis.customerdb.TestCustomerDb
</system-out>
    <system-err>07.07.2011 13:27:47 org.springframework.context.support.AbstractApplicationContext prepareRefresh
INFO: Refreshing org.apache.cxf.bus.spring.BusApplicationContext@3ed02b51: display name [org.apache.cxf.bus.spring.BusApplicationContext@3ed02b51]; startup date [Thu Jul 07 13:27:47 CEST 2011]; root of context hierarchy
07.07.2011 13:27:48 org.apache.cxf.bus.spring.BusApplicationContext getConfigResources
INFO: No cxf.xml configuration file detected, relying on defaults.
07.07.2011 13:27:48 org.springframework.beans.factory.support.DefaultListableBeanFactory registerBeanDefinition
INFO: Overriding bean definition for bean &apos;org.apache.cxf.transport.http.policy.HTTPClientAssertionBuilder&apos;: replacing [Generic bean: class [org.apache.cxf.transport.http.policy.HTTPClientAssertionBuilder]; scope=singleton; abstract=false; lazyInit=false; autowireMode=0; dependencyCheck=0; autowireCandidate=true; primary=false; factoryBeanName=null; factoryMethodName=null; initMethodName=null; destroyMethodName=null; defined in URL [jar:file:/C:/Users/Deniz/.m2/repository/org/apache/cxf/cxf-bundle-jaxrs/2.2.3/cxf-bundle-jaxrs-2.2.3.jar!/META-INF/cxf/cxf-extension-http.fixml]] with [Generic bean: class [org.apache.cxf.transport.http.policy.HTTPClientAssertionBuilder]; scope=singleton; abstract=false; lazyInit=false; autowireMode=0; dependencyCheck=0; autowireCandidate=true; primary=false; factoryBeanName=null; factoryMethodName=null; initMethodName=null; destroyMethodName=null; defined in URL [jar:file:/C:/Users/Deniz/.m2/repository/org/apache/cxf/cxf-bundle-jaxrs/2.2.3/cxf-bundle-jaxrs-2.2.3.jar!/META-INF/cxf/cxf-extension-http.fixml]]
07.07.2011 13:27:48 org.springframework.beans.factory.support.DefaultListableBeanFactory registerBeanDefinition
INFO: Overriding bean definition for bean &apos;org.apache.cxf.transport.http.policy.HTTPServerAssertionBuilder&apos;: replacing [Generic bean: class [org.apache.cxf.transport.http.policy.HTTPServerAssertionBuilder]; scope=singleton; abstract=false; lazyInit=false; autowireMode=0; dependencyCheck=0; autowireCandidate=true; primary=false; factoryBeanName=null; factoryMethodName=null; initMethodName=null; destroyMethodName=null; defined in URL [jar:file:/C:/Users/Deniz/.m2/repository/org/apache/cxf/cxf-bundle-jaxrs/2.2.3/cxf-bundle-jaxrs-2.2.3.jar!/META-INF/cxf/cxf-extension-http.fixml]] with [Generic bean: class [org.apache.cxf.transport.http.policy.HTTPServerAssertionBuilder]; scope=singleton; abstract=false; lazyInit=false; autowireMode=0; dependencyCheck=0; autowireCandidate=true; primary=false; factoryBeanName=null; factoryMethodName=null; initMethodName=null; destroyMethodName=null; defined in URL [jar:file:/C:/Users/Deniz/.m2/repository/org/apache/cxf/cxf-bundle-jaxrs/2.2.3/cxf-bundle-jaxrs-2.2.3.jar!/META-INF/cxf/cxf-extension-http.fixml]]
07.07.2011 13:27:48 org.springframework.beans.factory.support.DefaultListableBeanFactory registerBeanDefinition
INFO: Overriding bean definition for bean &apos;org.apache.cxf.transport.http.policy.NoOpPolicyInterceptorProvider&apos;: replacing [Generic bean: class [org.apache.cxf.transport.http.policy.NoOpPolicyInterceptorProvider]; scope=singleton; abstract=false; lazyInit=false; autowireMode=0; dependencyCheck=0; autowireCandidate=true; primary=false; factoryBeanName=null; factoryMethodName=null; initMethodName=null; destroyMethodName=null; defined in URL [jar:file:/C:/Users/Deniz/.m2/repository/org/apache/cxf/cxf-bundle-jaxrs/2.2.3/cxf-bundle-jaxrs-2.2.3.jar!/META-INF/cxf/cxf-extension-http.fixml]] with [Generic bean: class [org.apache.cxf.transport.http.policy.NoOpPolicyInterceptorProvider]; scope=singleton; abstract=false; lazyInit=false; autowireMode=0; dependencyCheck=0; autowireCandidate=true; primary=false; factoryBeanName=null; factoryMethodName=null; initMethodName=null; destroyMethodName=null; defined in URL [jar:file:/C:/Users/Deniz/.m2/repository/org/apache/cxf/cxf-bundle-jaxrs/2.2.3/cxf-bundle-jaxrs-2.2.3.jar!/META-INF/cxf/cxf-extension-http.fixml]]
07.07.2011 13:27:48 org.springframework.beans.factory.support.DefaultListableBeanFactory registerBeanDefinition
INFO: Overriding bean definition for bean &apos;org.apache.cxf.transport.http.ClientOnlyHTTPTransportFactory&apos;: replacing [Generic bean: class [org.apache.cxf.transport.http.ClientOnlyHTTPTransportFactory]; scope=singleton; abstract=false; lazyInit=true; autowireMode=0; dependencyCheck=0; autowireCandidate=true; primary=false; factoryBeanName=null; factoryMethodName=null; initMethodName=null; destroyMethodName=null; defined in URL [jar:file:/C:/Users/Deniz/.m2/repository/org/apache/cxf/cxf-bundle-jaxrs/2.2.3/cxf-bundle-jaxrs-2.2.3.jar!/META-INF/cxf/cxf-extension-http.fixml]] with [Generic bean: class [org.apache.cxf.transport.http.ClientOnlyHTTPTransportFactory]; scope=singleton; abstract=false; lazyInit=true; autowireMode=0; dependencyCheck=0; autowireCandidate=true; primary=false; factoryBeanName=null; factoryMethodName=null; initMethodName=null; destroyMethodName=null; defined in URL [jar:file:/C:/Users/Deniz/.m2/repository/org/apache/cxf/cxf-bundle-jaxrs/2.2.3/cxf-bundle-jaxrs-2.2.3.jar!/META-INF/cxf/cxf-extension-http.fixml]]
07.07.2011 13:27:48 org.springframework.beans.factory.support.DefaultListableBeanFactory registerBeanDefinition
INFO: Overriding bean definition for bean &apos;org.apache.cxf.binding.xml.XMLBindingFactory&apos;: replacing [Generic bean: class [org.apache.cxf.binding.xml.XMLBindingFactory]; scope=singleton; abstract=false; lazyInit=true; autowireMode=0; dependencyCheck=0; autowireCandidate=true; primary=false; factoryBeanName=null; factoryMethodName=null; initMethodName=null; destroyMethodName=null; defined in URL [jar:file:/C:/Users/Deniz/.m2/repository/org/apache/cxf/cxf-bundle-jaxrs/2.2.3/cxf-bundle-jaxrs-2.2.3.jar!/META-INF/cxf/cxf-extension-xml.fixml]] with [Generic bean: class [org.apache.cxf.binding.xml.XMLBindingFactory]; scope=singleton; abstract=false; lazyInit=true; autowireMode=0; dependencyCheck=0; autowireCandidate=true; primary=false; factoryBeanName=null; factoryMethodName=null; initMethodName=null; destroyMethodName=null; defined in URL [jar:file:/C:/Users/Deniz/.m2/repository/org/apache/cxf/cxf-bundle-jaxrs/2.2.3/cxf-bundle-jaxrs-2.2.3.jar!/META-INF/cxf/cxf-extension-xml.fixml]]
07.07.2011 13:27:48 org.springframework.beans.factory.support.DefaultListableBeanFactory registerBeanDefinition
INFO: Overriding bean definition for bean &apos;org.apache.cxf.transport.http.policy.HTTPClientAssertionBuilder&apos;: replacing [Generic bean: class [org.apache.cxf.transport.http.policy.HTTPClientAssertionBuilder]; scope=singleton; abstract=false; lazyInit=false; autowireMode=0; dependencyCheck=0; autowireCandidate=true; primary=false; factoryBeanName=null; factoryMethodName=null; initMethodName=null; destroyMethodName=null; defined in URL [jar:file:/C:/Users/Deniz/.m2/repository/org/apache/cxf/cxf-bundle-jaxrs/2.2.3/cxf-bundle-jaxrs-2.2.3.jar!/META-INF/cxf/cxf-extension-http.fixml]] with [Generic bean: class [org.apache.cxf.transport.http.policy.HTTPClientAssertionBuilder]; scope=singleton; abstract=false; lazyInit=false; autowireMode=0; dependencyCheck=0; autowireCandidate=true; primary=false; factoryBeanName=null; factoryMethodName=null; initMethodName=null; destroyMethodName=null; defined in URL [jar:file:/C:/Users/Deniz/.m2/repository/org/apache/cxf/cxf-bundle-jaxrs/2.2.3/cxf-bundle-jaxrs-2.2.3.jar!/META-INF/cxf/cxf-extension-http.fixml]]
07.07.2011 13:27:48 org.springframework.beans.factory.support.DefaultListableBeanFactory registerBeanDefinition
INFO: Overriding bean definition for bean &apos;org.apache.cxf.transport.http.policy.HTTPServerAssertionBuilder&apos;: replacing [Generic bean: class [org.apache.cxf.transport.http.policy.HTTPServerAssertionBuilder]; scope=singleton; abstract=false; lazyInit=false; autowireMode=0; dependencyCheck=0; autowireCandidate=true; primary=false; factoryBeanName=null; factoryMethodName=null; initMethodName=null; destroyMethodName=null; defined in URL [jar:file:/C:/Users/Deniz/.m2/repository/org/apache/cxf/cxf-bundle-jaxrs/2.2.3/cxf-bundle-jaxrs-2.2.3.jar!/META-INF/cxf/cxf-extension-http.fixml]] with [Generic bean: class [org.apache.cxf.transport.http.policy.HTTPServerAssertionBuilder]; scope=singleton; abstract=false; lazyInit=false; autowireMode=0; dependencyCheck=0; autowireCandidate=true; primary=false; factoryBeanName=null; factoryMethodName=null; initMethodName=null; destroyMethodName=null; defined in URL [jar:file:/C:/Users/Deniz/.m2/repository/org/apache/cxf/cxf-bundle-jaxrs/2.2.3/cxf-bundle-jaxrs-2.2.3.jar!/META-INF/cxf/cxf-extension-http.fixml]]
07.07.2011 13:27:48 org.springframework.beans.factory.support.DefaultListableBeanFactory registerBeanDefinition
INFO: Overriding bean definition for bean &apos;org.apache.cxf.transport.http.policy.NoOpPolicyInterceptorProvider&apos;: replacing [Generic bean: class [org.apache.cxf.transport.http.policy.NoOpPolicyInterceptorProvider]; scope=singleton; abstract=false; lazyInit=false; autowireMode=0; dependencyCheck=0; autowireCandidate=true; primary=false; factoryBeanName=null; factoryMethodName=null; initMethodName=null; destroyMethodName=null; defined in URL [jar:file:/C:/Users/Deniz/.m2/repository/org/apache/cxf/cxf-bundle-jaxrs/2.2.3/cxf-bundle-jaxrs-2.2.3.jar!/META-INF/cxf/cxf-extension-http.fixml]] with [Generic bean: class [org.apache.cxf.transport.http.policy.NoOpPolicyInterceptorProvider]; scope=singleton; abstract=false; lazyInit=false; autowireMode=0; dependencyCheck=0; autowireCandidate=true; primary=false; factoryBeanName=null; factoryMethodName=null; initMethodName=null; destroyMethodName=null; defined in URL [jar:file:/C:/Users/Deniz/.m2/repository/org/apache/cxf/cxf-bundle-jaxrs/2.2.3/cxf-bundle-jaxrs-2.2.3.jar!/META-INF/cxf/cxf-extension-http.fixml]]
07.07.2011 13:27:48 org.springframework.beans.factory.support.DefaultListableBeanFactory registerBeanDefinition
INFO: Overriding bean definition for bean &apos;org.apache.cxf.transport.http.ClientOnlyHTTPTransportFactory&apos;: replacing [Generic bean: class [org.apache.cxf.transport.http.ClientOnlyHTTPTransportFactory]; scope=singleton; abstract=false; lazyInit=true; autowireMode=0; dependencyCheck=0; autowireCandidate=true; primary=false; factoryBeanName=null; factoryMethodName=null; initMethodName=null; destroyMethodName=null; defined in URL [jar:file:/C:/Users/Deniz/.m2/repository/org/apache/cxf/cxf-bundle-jaxrs/2.2.3/cxf-bundle-jaxrs-2.2.3.jar!/META-INF/cxf/cxf-extension-http.fixml]] with [Generic bean: class [org.apache.cxf.transport.http.ClientOnlyHTTPTransportFactory]; scope=singleton; abstract=false; lazyInit=true; autowireMode=0; dependencyCheck=0; autowireCandidate=true; primary=false; factoryBeanName=null; factoryMethodName=null; initMethodName=null; destroyMethodName=null; defined in URL [jar:file:/C:/Users/Deniz/.m2/repository/org/apache/cxf/cxf-bundle-jaxrs/2.2.3/cxf-bundle-jaxrs-2.2.3.jar!/META-INF/cxf/cxf-extension-http.fixml]]
07.07.2011 13:27:48 org.springframework.context.support.AbstractApplicationContext obtainFreshBeanFactory
INFO: Bean factory for application context [org.apache.cxf.bus.spring.BusApplicationContext@3ed02b51]: org.springframework.beans.factory.support.DefaultListableBeanFactory@48082d37
07.07.2011 13:27:48 org.springframework.beans.factory.support.DefaultListableBeanFactory preInstantiateSingletons
INFO: Pre-instantiating singletons in org.springframework.beans.factory.support.DefaultListableBeanFactory@48082d37: defining beans [cxf,org.apache.cxf.bus.spring.BusApplicationListener,org.apache.cxf.bus.spring.BusWiringBeanFactoryPostProcessor,org.apache.cxf.bus.spring.Jsr250BeanPostProcessor,org.apache.cxf.bus.spring.BusExtensionPostProcessor,org.apache.cxf.resource.ResourceManager,org.apache.cxf.configuration.Configurer,org.apache.cxf.binding.BindingFactoryManager,org.apache.cxf.transport.DestinationFactoryManager,org.apache.cxf.transport.ConduitInitiatorManager,org.apache.cxf.wsdl.WSDLManager,org.apache.cxf.phase.PhaseManager,org.apache.cxf.workqueue.WorkQueueManager,org.apache.cxf.buslifecycle.BusLifeCycleManager,org.apache.cxf.endpoint.ServerRegistry,org.apache.cxf.endpoint.ServerLifeCycleManager,org.apache.cxf.endpoint.ClientLifeCycleManager,org.apache.cxf.transports.http.QueryHandlerRegistry,org.apache.cxf.endpoint.EndpointResolverRegistry,org.apache.cxf.headers.HeaderManager,org.apache.cxf.catalog.OASISCatalogManager,org.apache.cxf.endpoint.ServiceContractResolverRegistry,org.apache.cxf.transport.http.policy.HTTPClientAssertionBuilder,org.apache.cxf.transport.http.policy.HTTPServerAssertionBuilder,org.apache.cxf.transport.http.policy.NoOpPolicyInterceptorProvider,org.apache.cxf.transport.http.ClientOnlyHTTPTransportFactory,org.apache.cxf.transport.http_jetty.JettyHTTPTransportFactory,org.apache.cxf.jaxrs.JAXRSBindingFactory,org.apache.cxf.binding.xml.XMLBindingFactory,org.apache.cxf.jaxws.context.WebServiceContextResourceResolver,org.apache.cxf.jaxws.context.WebServiceContextImpl,org.apache.cxf.binding.soap.SoapBindingFactory,org.apache.cxf.binding.soap.SoapTransportFactory,org.apache.cxf.binding.soap.customEditorConfigurer,org.apache.cxf.ws.addressing.policy.AddressingAssertionBuilder,org.apache.cxf.ws.addressing.policy.AddressingPolicyInterceptorProvider,org.apache.cxf.ws.addressing.policy.UsingAddressingAssertionBuilder]; root of factory hierarchy
07.07.2011 13:27:48 org.apache.cxf.service.factory.ReflectionServiceFactoryBean buildServiceFromWSDL
INFO: Creating Service {http://ibis.tum.de/customerDb}serviceCustomers from WSDL: file:/C:/Users/Deniz/workspace/wsc/src/main/resources/customerDb.wsdl
07.07.2011 13:27:50 org.apache.cxf.phase.PhaseInterceptorChain doIntercept
WARNUNG: Interceptor has thrown exception, unwinding now
org.apache.cxf.interceptor.Fault: Could not send Message.
	at org.apache.cxf.interceptor.MessageSenderInterceptor$MessageSenderEndingInterceptor.handleMessage(MessageSenderInterceptor.java:64)
	at org.apache.cxf.phase.PhaseInterceptorChain.doIntercept(PhaseInterceptorChain.java:236)
	at org.apache.cxf.endpoint.ClientImpl.invoke(ClientImpl.java:472)
	at org.apache.cxf.endpoint.ClientImpl.invoke(ClientImpl.java:302)
	at org.apache.cxf.endpoint.ClientImpl.invoke(ClientImpl.java:254)
	at org.apache.cxf.frontend.ClientProxy.invokeSync(ClientProxy.java:73)
	at org.apache.cxf.jaxws.JaxWsClientProxy.invoke(JaxWsClientProxy.java:123)
	at $Proxy39.getCustomers(Unknown Source)
	at de.tum.ibis.customerdb.TestCustomerDb.classWideSetup(TestCustomerDb.java:31)
	at sun.reflect.NativeMethodAccessorImpl.invoke0(Native Method)
	at sun.reflect.NativeMethodAccessorImpl.invoke(NativeMethodAccessorImpl.java:39)
	at sun.reflect.DelegatingMethodAccessorImpl.invoke(DelegatingMethodAccessorImpl.java:25)
	at java.lang.reflect.Method.invoke(Method.java:597)
	at org.junit.internal.runners.TestMethod.invoke(TestMethod.java:59)
	at org.junit.internal.runners.MethodRoadie.runTestMethod(MethodRoadie.java:98)
	at org.junit.internal.runners.MethodRoadie$2.run(MethodRoadie.java:79)
	at org.junit.internal.runners.MethodRoadie.runBeforesThenTestThenAfters(MethodRoadie.java:87)
	at org.junit.internal.runners.MethodRoadie.runTest(MethodRoadie.java:77)
	at org.junit.internal.runners.MethodRoadie.run(MethodRoadie.java:42)
	at org.junit.internal.runners.JUnit4ClassRunner.invokeTestMethod(JUnit4ClassRunner.java:88)
	at org.junit.internal.runners.JUnit4ClassRunner.runMethods(JUnit4ClassRunner.java:51)
	at org.junit.internal.runners.JUnit4ClassRunner$1.run(JUnit4ClassRunner.java:44)
	at org.junit.internal.runners.ClassRoadie.runUnprotected(ClassRoadie.java:27)
	at org.junit.internal.runners.ClassRoadie.runProtected(ClassRoadie.java:37)
	at org.junit.internal.runners.JUnit4ClassRunner.run(JUnit4ClassRunner.java:42)
	at org.apache.maven.surefire.junit4.JUnit4TestSet.execute(JUnit4TestSet.java:35)
	at org.apache.maven.surefire.junit4.JUnit4Provider.executeTestSet(JUnit4Provider.java:146)
	at org.apache.maven.surefire.junit4.JUnit4Provider.invoke(JUnit4Provider.java:97)
	at sun.reflect.NativeMethodAccessorImpl.invoke0(Native Method)
	at sun.reflect.NativeMethodAccessorImpl.invoke(NativeMethodAccessorImpl.java:39)
	at sun.reflect.DelegatingMethodAccessorImpl.invoke(DelegatingMethodAccessorImpl.java:25)
	at java.lang.reflect.Method.invoke(Method.java:597)
	at org.apache.maven.surefire.booter.ProviderFactory$ClassLoaderProxy.invoke(ProviderFactory.java:103)
	at $Proxy0.invoke(Unknown Source)
	at org.apache.maven.surefire.booter.SurefireStarter.invokeProvider(SurefireStarter.java:145)
	at org.apache.maven.surefire.booter.SurefireStarter.runSuitesInProcess(SurefireStarter.java:87)
	at org.apache.maven.surefire.booter.ForkedBooter.main(ForkedBooter.java:69)
Caused by: java.net.ConnectException: Connection refused: connect
	at java.net.PlainSocketImpl.socketConnect(Native Method)
	at java.net.PlainSocketImpl.doConnect(PlainSocketImpl.java:333)
	at java.net.PlainSocketImpl.connectToAddress(PlainSocketImpl.java:195)
	at java.net.PlainSocketImpl.connect(PlainSocketImpl.java:182)
	at java.net.SocksSocketImpl.connect(SocksSocketImpl.java:366)
	at java.net.Socket.connect(Socket.java:529)
	at sun.net.NetworkClient.doConnect(NetworkClient.java:158)
	at sun.net.www.http.HttpClient.openServer(HttpClient.java:394)
	at sun.net.www.http.HttpClient.openServer(HttpClient.java:529)
	at sun.net.www.http.HttpClient.&lt;init&gt;(HttpClient.java:233)
	at sun.net.www.http.HttpClient.New(HttpClient.java:306)
	at sun.net.www.http.HttpClient.New(HttpClient.java:323)
	at sun.net.www.protocol.http.HttpURLConnection.getNewHttpClient(HttpURLConnection.java:975)
	at sun.net.www.protocol.http.HttpURLConnection.plainConnect(HttpURLConnection.java:916)
	at sun.net.www.protocol.http.HttpURLConnection.connect(HttpURLConnection.java:841)
	at sun.net.www.protocol.http.HttpURLConnection.getOutputStream(HttpURLConnection.java:1019)
	at org.apache.cxf.transport.http.HTTPConduit$WrappedOutputStream.handleHeadersTrustCaching(HTTPConduit.java:1916)
	at org.apache.cxf.transport.http.HTTPConduit$WrappedOutputStream.onFirstWrite(HTTPConduit.java:1871)
	at org.apache.cxf.io.AbstractWrappedOutputStream.write(AbstractWrappedOutputStream.java:42)
	at org.apache.cxf.io.AbstractThresholdOutputStream.write(AbstractThresholdOutputStream.java:69)
	at org.apache.cxf.transport.http.HTTPConduit$WrappedOutputStream.close(HTTPConduit.java:1934)
	at org.apache.cxf.transport.AbstractConduit.close(AbstractConduit.java:66)
	at org.apache.cxf.transport.http.HTTPConduit.close(HTTPConduit.java:632)
	at org.apache.cxf.interceptor.MessageSenderInterceptor$MessageSenderEndingInterceptor.handleMessage(MessageSenderInterceptor.java:62)
	... 36 more
</system-err>
  </testcase>
</testsuite>